\BOOKMARK [1][-]{section.1}{\376\377\142\245\124\112\213\364\146\016}{}% 1
\BOOKMARK [1][-]{section.2}{\376\377\173\241\164\006\134\102\154\107\140\073\230\165}{}% 2
\BOOKMARK [2][-]{subsection.2.1}{\376\377\116\000\230\165\176\323\213\272}{section.2}% 3
\BOOKMARK [2][-]{subsection.2.2}{\376\377\116\000\123\345\213\335\151\202\211\310}{section.2}% 4
\BOOKMARK [1][-]{section.3}{\376\377\170\024\172\166\145\271\154\325\116\016\174\373\176\337\213\364\146\016}{}% 5
\BOOKMARK [2][-]{subsection.3.1}{\376\377\145\160\143\156\147\145\156\220\116\016\122\067\145\260\147\072\122\066}{section.3}% 6
\BOOKMARK [2][-]{subsection.3.2}{\376\377\123\206\123\362\122\006\117\115\145\160\116\016\226\010\120\074\220\011\142\351}{section.3}% 7
\BOOKMARK [2][-]{subsection.3.3}{\376\377\116\244\146\023\117\341\123\367\116\016\211\343\221\312\220\073\217\221}{section.3}% 8
\BOOKMARK [2][-]{subsection.3.4}{\376\377\126\340\133\120\126\336\155\113\116\016\213\304\117\060\220\073\217\221}{section.3}% 9
\BOOKMARK [2][-]{subsection.3.5}{\376\377\173\126\165\145\142\151\134\125\152\041\127\127}{section.3}% 10
\BOOKMARK [1][-]{section.4}{\376\377\126\340\133\120\142\113\121\214\116\016\121\154\137\017\213\364\146\016}{}% 11
\BOOKMARK [2][-]{subsection.4.1}{\376\377\134\125\147\037\145\066\166\312\163\207\126\340\133\120}{section.4}% 12
\BOOKMARK [2][-]{subsection.4.2}{\376\377\116\367\150\074\122\250\221\317\126\340\133\120}{section.4}% 13
\BOOKMARK [2][-]{subsection.4.3}{\376\377\000M\000A\000C\000D\000\040\126\340\133\120}{section.4}% 14
\BOOKMARK [2][-]{subsection.4.4}{\376\377\206\132\133\236\166\330\153\324\126\340\133\120}{section.4}% 15
\BOOKMARK [2][-]{subsection.4.5}{\376\377\143\001\116\323\000-\116\367\150\074\200\124\122\250\126\340\133\120}{section.4}% 16
\BOOKMARK [2][-]{subsection.4.6}{\376\377\0005\122\006\224\237\120\117\136\246\126\340\133\120}{section.4}% 17
\BOOKMARK [2][-]{subsection.4.7}{\376\377\000R\000S\000I\000\040\143\007\150\007}{section.4}% 18
\BOOKMARK [2][-]{subsection.4.8}{\376\377\000V\000I\000X\000\040\140\305\176\352\126\340\133\120}{section.4}% 19
\BOOKMARK [2][-]{subsection.4.9}{\376\377\000V\000I\000X\000\040\000+\000\040\000R\000S\000I\000\040\140\120\141\114\123\315\217\154\173\126\165\145}{section.4}% 20
\BOOKMARK [1][-]{section.5}{\376\377\154\252\225\115\000\040\116\023\230\230}{}% 21
\BOOKMARK [2][-]{subsection.5.1}{\376\377\147\000\145\260\126\340\133\120\162\266\140\001\140\073\211\310}{section.5}% 22
\BOOKMARK [3][-]{subsubsection.5.1.1}{\376\377\154\252\225\115\000\040\123\206\123\362\122\006\117\115\145\160}{subsection.5.1}% 23
\BOOKMARK [2][-]{subsection.5.2}{\376\377\134\125\147\037\145\066\166\312\163\207\126\340\133\120}{section.5}% 24
\BOOKMARK [2][-]{subsection.5.3}{\376\377\116\367\150\074\122\250\221\317\126\340\133\120}{section.5}% 25
\BOOKMARK [2][-]{subsection.5.4}{\376\377\000M\000A\000C\000D\000\040\126\340\133\120}{section.5}% 26
\BOOKMARK [2][-]{subsection.5.5}{\376\377\206\132\133\236\166\330\153\324\126\340\133\120}{section.5}% 27
\BOOKMARK [2][-]{subsection.5.6}{\376\377\0005\122\006\224\237\120\117\136\246\126\340\133\120}{section.5}% 28
\BOOKMARK [2][-]{subsection.5.7}{\376\377\134\125\147\037\000+\206\132\133\236\166\330\176\304\124\010\126\340\133\120}{section.5}% 29
\BOOKMARK [2][-]{subsection.5.8}{\376\377\143\001\116\323\000-\116\367\150\074\200\124\122\250\126\340\133\120}{section.5}% 30
\BOOKMARK [1][-]{section.6}{\376\377\116\015\225\010\224\242\000\040\116\023\230\230}{}% 31
\BOOKMARK [2][-]{subsection.6.1}{\376\377\147\000\145\260\126\340\133\120\162\266\140\001\140\073\211\310}{section.6}% 32
\BOOKMARK [3][-]{subsubsection.6.1.1}{\376\377\116\015\225\010\224\242\000\040\123\206\123\362\122\006\117\115\145\160}{subsection.6.1}% 33
\BOOKMARK [2][-]{subsection.6.2}{\376\377\134\125\147\037\145\066\166\312\163\207\126\340\133\120}{section.6}% 34
\BOOKMARK [2][-]{subsection.6.3}{\376\377\116\367\150\074\122\250\221\317\126\340\133\120}{section.6}% 35
\BOOKMARK [2][-]{subsection.6.4}{\376\377\000M\000A\000C\000D\000\040\126\340\133\120}{section.6}% 36
\BOOKMARK [2][-]{subsection.6.5}{\376\377\206\132\133\236\166\330\153\324\126\340\133\120}{section.6}% 37
\BOOKMARK [2][-]{subsection.6.6}{\376\377\0005\122\006\224\237\120\117\136\246\126\340\133\120}{section.6}% 38
\BOOKMARK [2][-]{subsection.6.7}{\376\377\134\125\147\037\000+\206\132\133\236\166\330\176\304\124\010\126\340\133\120}{section.6}% 39
\BOOKMARK [2][-]{subsection.6.8}{\376\377\143\001\116\323\000-\116\367\150\074\200\124\122\250\126\340\133\120}{section.6}% 40
\BOOKMARK [1][-]{section.7}{\376\377\154\252\224\334\000\040\116\023\230\230}{}% 41
\BOOKMARK [2][-]{subsection.7.1}{\376\377\147\000\145\260\126\340\133\120\162\266\140\001\140\073\211\310}{section.7}% 42
\BOOKMARK [3][-]{subsubsection.7.1.1}{\376\377\154\252\224\334\000\040\123\206\123\362\122\006\117\115\145\160}{subsection.7.1}% 43
\BOOKMARK [2][-]{subsection.7.2}{\376\377\134\125\147\037\145\066\166\312\163\207\126\340\133\120}{section.7}% 44
\BOOKMARK [2][-]{subsection.7.3}{\376\377\116\367\150\074\122\250\221\317\126\340\133\120}{section.7}% 45
\BOOKMARK [2][-]{subsection.7.4}{\376\377\000M\000A\000C\000D\000\040\126\340\133\120}{section.7}% 46
\BOOKMARK [2][-]{subsection.7.5}{\376\377\206\132\133\236\166\330\153\324\126\340\133\120}{section.7}% 47
\BOOKMARK [2][-]{subsection.7.6}{\376\377\0005\122\006\224\237\120\117\136\246\126\340\133\120}{section.7}% 48
\BOOKMARK [2][-]{subsection.7.7}{\376\377\134\125\147\037\000+\206\132\133\236\166\330\176\304\124\010\126\340\133\120}{section.7}% 49
\BOOKMARK [2][-]{subsection.7.8}{\376\377\143\001\116\323\000-\116\367\150\074\200\124\122\250\126\340\133\120}{section.7}% 50
\BOOKMARK [1][-]{section.8}{\376\377\173\126\165\145\142\151\134\125\170\024\172\166}{}% 51
\BOOKMARK [2][-]{subsection.8.1}{\376\377\000V\000I\000X\000\040\000+\000\040\150\007\146\156\0005\0000\0000\000\040\140\120\141\114\123\315\217\154\173\126\165\145}{section.8}% 52
\BOOKMARK [2][-]{subsection.8.2}{\376\377\000V\000I\000X\000\040\000+\000\040\154\252\225\115\000\040\140\120\141\114\123\315\217\154\173\126\165\145}{section.8}% 53
\BOOKMARK [1][-]{section.9}{\376\377\133\371\153\324\170\024\172\166\116\016\226\104\122\240\133\236\232\214}{}% 54
\BOOKMARK [2][-]{subsection.9.1}{\376\377\124\301\171\315\137\161\124\315\133\371\153\324}{section.9}% 55
\BOOKMARK [2][-]{subsection.9.2}{\376\377\000M\000A\000C\000D\000\040\226\115\126\152\133\236\232\214}{section.9}% 56
\BOOKMARK [2][-]{subsection.9.3}{\376\377\000V\000I\000X\000\040\173\126\165\145\215\350\150\007\166\204\133\371\153\324}{section.9}% 57
\BOOKMARK [2][-]{subsection.9.4}{\376\377\000V\000I\000X\000\040\123\315\124\021\173\126\165\145\133\371\153\324}{section.9}% 58
