This is XeTeX, Version 3.141592653-2.6-0.999995 (TeX Live 2023) (preloaded format=xelatex 2023.5.8)  6 MAY 2026 09:56
entering extended mode
 restricted \write18 enabled.
 %&-line parsing enabled.
**comprehensive_report.tex
(./comprehensive_report.tex
LaTeX2e <2022-11-01> patch level 1
L3 programming layer <2023-02-22>
(/usr/local/texlive/2023/texmf-dist/tex/latex/ctex/ctexart.cls
(/usr/local/texlive/2023/texmf-dist/tex/latex/ctex/config/ctexbackend.cfg
File: ctexbackend.cfg 2022/07/14 v2.5.10 Backend configuration file (CTEX)
)
(/usr/local/texlive/2023/texmf-dist/tex/latex/l3kernel/expl3.sty
Package: expl3 2023-02-22 L3 programming layer (loader) 

(/usr/local/texlive/2023/texmf-dist/tex/latex/l3backend/l3backend-xetex.def
File: l3backend-xetex.def 2023-01-16 L3 backend support: XeTeX
\g__graphics_track_int=\count181
\l__pdf_internal_box=\box51
\g__pdf_backend_object_int=\count182
\g__pdf_backend_annotation_int=\count183
\g__pdf_backend_link_int=\count184
))
Document Class: ctexart 2022/07/14 v2.5.10 Chinese adapter for class article (C
TEX)
(/usr/local/texlive/2023/texmf-dist/tex/latex/ctex/ctexhook.sty
Package: ctexhook 2022/07/14 v2.5.10 Document and package hooks (CTEX)
)
(/usr/local/texlive/2023/texmf-dist/tex/latex/ctex/ctexpatch.sty
Package: ctexpatch 2022/07/14 v2.5.10 Patching commands (CTEX)
)
(/usr/local/texlive/2023/texmf-dist/tex/latex/base/fix-cm.sty
Package: fix-cm 2020/11/24 v1.1t fixes to LaTeX

(/usr/local/texlive/2023/texmf-dist/tex/latex/base/ts1enc.def
File: ts1enc.def 2001/06/05 v3.0e (jk/car/fm) Standard LaTeX file
LaTeX Font Info:    Redeclaring font encoding TS1 on input line 47.
))
\l__ctex_tmp_int=\count185
\l__ctex_tmp_box=\box52
\l__ctex_tmp_dim=\dimen140
\g__ctex_section_depth_int=\count186
\g__ctex_font_size_int=\count187

(/usr/local/texlive/2023/texmf-dist/tex/latex/ctex/config/ctexopts.cfg
File: ctexopts.cfg 2022/07/14 v2.5.10 Option configuration file (CTEX)
)
(/usr/local/texlive/2023/texmf-dist/tex/latex/base/article.cls
Document Class: article 2022/07/02 v1.4n Standard LaTeX document class
(/usr/local/texlive/2023/texmf-dist/tex/latex/base/size11.clo
File: size11.clo 2022/07/02 v1.4n Standard LaTeX file (size option)
)
\c@part=\count188
\c@section=\count189
\c@subsection=\count190
\c@subsubsection=\count191
\c@paragraph=\count192
\c@subparagraph=\count193
\c@figure=\count194
\c@table=\count195
\abovecaptionskip=\skip48
\belowcaptionskip=\skip49
\bibindent=\dimen141
)
(/usr/local/texlive/2023/texmf-dist/tex/latex/ctex/engine/ctex-engine-xetex.def
File: ctex-engine-xetex.def 2022/07/14 v2.5.10 XeLaTeX adapter (CTEX)
(/usr/local/texlive/2023/texmf-dist/tex/xelatex/xecjk/xeCJK.sty
Package: xeCJK 2022/08/05 v3.9.1 Typesetting CJK scripts with XeLaTeX

(/usr/local/texlive/2023/texmf-dist/tex/latex/l3packages/xtemplate/xtemplate.st
y
Package: xtemplate 2023-02-02 L3 Experimental prototype document functions
\l__xtemplate_tmp_dim=\dimen142
\l__xtemplate_tmp_int=\count196
\l__xtemplate_tmp_muskip=\muskip16
\l__xtemplate_tmp_skip=\skip50
)
\l__xeCJK_tmp_int=\count197
\l__xeCJK_tmp_box=\box53
\l__xeCJK_tmp_dim=\dimen143
\l__xeCJK_tmp_skip=\skip51
\g__xeCJK_space_factor_int=\count198
\l__xeCJK_begin_int=\count199
\l__xeCJK_end_int=\count266
\c__xeCJK_CJK_class_int=\XeTeXcharclass1
\c__xeCJK_FullLeft_class_int=\XeTeXcharclass2
\c__xeCJK_FullRight_class_int=\XeTeXcharclass3
\c__xeCJK_HalfLeft_class_int=\XeTeXcharclass4
\c__xeCJK_HalfRight_class_int=\XeTeXcharclass5
\c__xeCJK_NormalSpace_class_int=\XeTeXcharclass6
\c__xeCJK_CM_class_int=\XeTeXcharclass7
\c__xeCJK_HangulJamo_class_int=\XeTeXcharclass8
\l__xeCJK_last_skip=\skip52
\c__xeCJK_none_node=\count267
\g__xeCJK_node_int=\count268
\c__xeCJK_CJK_node_dim=\dimen144
\c__xeCJK_CJK-space_node_dim=\dimen145
\c__xeCJK_default_node_dim=\dimen146
\c__xeCJK_CJK-widow_node_dim=\dimen147
\c__xeCJK_normalspace_node_dim=\dimen148
\c__xeCJK_default-space_node_skip=\skip53
\l__xeCJK_ccglue_skip=\skip54
\l__xeCJK_ecglue_skip=\skip55
\l__xeCJK_punct_kern_skip=\skip56
\l__xeCJK_indent_box=\box54
\l__xeCJK_last_penalty_int=\count269
\l__xeCJK_last_bound_dim=\dimen149
\l__xeCJK_last_kern_dim=\dimen150
\l__xeCJK_widow_penalty_int=\count270

Package xtemplate Info: Declaring object type 'xeCJK/punctuation' taking 0
(xtemplate)             argument(s) on line 2396.

\l__xeCJK_fixed_punct_width_dim=\dimen151
\l__xeCJK_mixed_punct_width_dim=\dimen152
\l__xeCJK_middle_punct_width_dim=\dimen153
\l__xeCJK_fixed_margin_width_dim=\dimen154
\l__xeCJK_mixed_margin_width_dim=\dimen155
\l__xeCJK_middle_margin_width_dim=\dimen156
\l__xeCJK_bound_punct_width_dim=\dimen157
\l__xeCJK_bound_margin_width_dim=\dimen158
\l__xeCJK_margin_minimum_dim=\dimen159
\l__xeCJK_kerning_total_width_dim=\dimen160
\l__xeCJK_same_align_margin_dim=\dimen161
\l__xeCJK_different_align_margin_dim=\dimen162
\l__xeCJK_kerning_margin_width_dim=\dimen163
\l__xeCJK_kerning_margin_minimum_dim=\dimen164
\l__xeCJK_bound_dim=\dimen165
\l__xeCJK_reverse_bound_dim=\dimen166
\l__xeCJK_margin_dim=\dimen167
\l__xeCJK_minimum_bound_dim=\dimen168
\l__xeCJK_kerning_margin_dim=\dimen169
\g__xeCJK_family_int=\count271
\l__xeCJK_fam_int=\count272
\g__xeCJK_fam_allocation_int=\count273
\l__xeCJK_verb_case_int=\count274
\l__xeCJK_verb_exspace_skip=\skip57
 (/usr/local/texlive/2023/texmf-dist/tex/latex/fontspec/fontspec.sty
(/usr/local/texlive/2023/texmf-dist/tex/latex/l3packages/xparse/xparse.sty
Package: xparse 2023-02-02 L3 Experimental document command parser
)
Package: fontspec 2022/01/15 v2.8a Font selection for XeLaTeX and LuaLaTeX

(/usr/local/texlive/2023/texmf-dist/tex/latex/fontspec/fontspec-xetex.sty
Package: fontspec-xetex 2022/01/15 v2.8a Font selection for XeLaTeX and LuaLaTe
X
\l__fontspec_script_int=\count275
\l__fontspec_language_int=\count276
\l__fontspec_strnum_int=\count277
\l__fontspec_tmp_int=\count278
\l__fontspec_tmpa_int=\count279
\l__fontspec_tmpb_int=\count280
\l__fontspec_tmpc_int=\count281
\l__fontspec_em_int=\count282
\l__fontspec_emdef_int=\count283
\l__fontspec_strong_int=\count284
\l__fontspec_strongdef_int=\count285
\l__fontspec_tmpa_dim=\dimen170
\l__fontspec_tmpb_dim=\dimen171
\l__fontspec_tmpc_dim=\dimen172

(/usr/local/texlive/2023/texmf-dist/tex/latex/base/fontenc.sty
Package: fontenc 2021/04/29 v2.0v Standard LaTeX package
)
(/usr/local/texlive/2023/texmf-dist/tex/latex/fontspec/fontspec.cfg)))
(/usr/local/texlive/2023/texmf-dist/tex/xelatex/xecjk/xeCJK.cfg
File: xeCJK.cfg 2022/08/05 v3.9.1 Configuration file for xeCJK package
))
\ccwd=\dimen173
\l__ctex_ccglue_skip=\skip58
)
\l__ctex_ziju_dim=\dimen174

(/usr/local/texlive/2023/texmf-dist/tex/latex/zhnumber/zhnumber.sty
Package: zhnumber 2022/07/14 v3.0 Typesetting numbers with Chinese glyphs
\l__zhnum_scale_int=\count286
\l__zhnum_tmp_int=\count287

(/usr/local/texlive/2023/texmf-dist/tex/latex/zhnumber/zhnumber-utf8.cfg
File: zhnumber-utf8.cfg 2022/07/14 v3.0 Chinese numerals with UTF8 encoding
))
\l__ctex_heading_skip=\skip59

(/usr/local/texlive/2023/texmf-dist/tex/latex/ctex/scheme/ctex-scheme-chinese-a
rticle.def
File: ctex-scheme-chinese-article.def 2022/07/14 v2.5.10 Chinese scheme for art
icle (CTEX)

(/usr/local/texlive/2023/texmf-dist/tex/latex/ctex/config/ctex-name-utf8.cfg
File: ctex-name-utf8.cfg 2022/07/14 v2.5.10 Caption with encoding UTF-8 (CTEX)
))
(/usr/local/texlive/2023/texmf-dist/tex/latex/ctex/fontset/ctex-fontset-mac.def
File: ctex-fontset-mac.def 2022/07/14 v2.5.10 macOS fonts definition (CTEX)

(/usr/local/texlive/2023/texmf-dist/tex/latex/ctex/fontset/ctex-fontset-macold.
def
File: ctex-fontset-macold.def 2022/07/14 v2.5.10 macOS fonts definition for Yos
emite or earlier version (CTEX)


Package fontspec Warning: Font "STSong" does not contain requested Script
(fontspec)                "CJK".


Package fontspec Info: Could not resolve font "STKaiti/B" (it probably doesn't
(fontspec)             exist).


Package fontspec Info: Could not resolve font "STHeiti/I" (it probably doesn't
(fontspec)             exist).


Package fontspec Info: Could not resolve font "STSong/BI" (it probably doesn't
(fontspec)             exist).


Package fontspec Info: Font family 'STSong(0)' created for font 'STSong' with
(fontspec)             options
(fontspec)             [Script={CJK},BoldFont={STHeiti},ItalicFont={STKaiti}].
(fontspec)              
(fontspec)              This font family consists of the following NFSS
(fontspec)             series/shapes:
(fontspec)              
(fontspec)             - 'normal' (m/n) with NFSS spec.:
(fontspec)             <->"STSong/OT:language=dflt;"
(fontspec)             - 'small caps'  (m/sc) with NFSS spec.: 
(fontspec)             - 'bold' (b/n) with NFSS spec.:
(fontspec)             <->"STHeiti/OT:language=dflt;"
(fontspec)             - 'bold small caps'  (b/sc) with NFSS spec.: 
(fontspec)             - 'italic' (m/it) with NFSS spec.:
(fontspec)             <->"STKaiti/OT:language=dflt;"
(fontspec)             - 'italic small caps'  (m/scit) with NFSS spec.: 

))) (/usr/local/texlive/2023/texmf-dist/tex/latex/ctex/config/ctex.cfg
File: ctex.cfg 2022/07/14 v2.5.10 Configuration file (CTEX)
)
(/usr/local/texlive/2023/texmf-dist/tex/latex/geometry/geometry.sty
Package: geometry 2020/01/02 v5.9 Page Geometry

(/usr/local/texlive/2023/texmf-dist/tex/latex/graphics/keyval.sty
Package: keyval 2022/05/29 v1.15 key=value parser (DPC)
\KV@toks@=\toks16
)
(/usr/local/texlive/2023/texmf-dist/tex/generic/iftex/ifvtex.sty
Package: ifvtex 2019/10/25 v1.7 ifvtex legacy package. Use iftex instead.

(/usr/local/texlive/2023/texmf-dist/tex/generic/iftex/iftex.sty
Package: iftex 2022/02/03 v1.0f TeX engine tests
))
\Gm@cnth=\count288
\Gm@cntv=\count289
\c@Gm@tempcnt=\count290
\Gm@bindingoffset=\dimen175
\Gm@wd@mp=\dimen176
\Gm@odd@mp=\dimen177
\Gm@even@mp=\dimen178
\Gm@layoutwidth=\dimen179
\Gm@layoutheight=\dimen180
\Gm@layouthoffset=\dimen181
\Gm@layoutvoffset=\dimen182
\Gm@dimlist=\toks17
)
(/usr/local/texlive/2023/texmf-dist/tex/latex/amsmath/amsmath.sty
Package: amsmath 2022/04/08 v2.17n AMS math features
\@mathmargin=\skip60

For additional information on amsmath, use the `?' option.
(/usr/local/texlive/2023/texmf-dist/tex/latex/amsmath/amstext.sty
Package: amstext 2021/08/26 v2.01 AMS text

(/usr/local/texlive/2023/texmf-dist/tex/latex/amsmath/amsgen.sty
File: amsgen.sty 1999/11/30 v2.0 generic functions
\@emptytoks=\toks18
\ex@=\dimen183
))
(/usr/local/texlive/2023/texmf-dist/tex/latex/amsmath/amsbsy.sty
Package: amsbsy 1999/11/29 v1.2d Bold Symbols
\pmbraise@=\dimen184
)
(/usr/local/texlive/2023/texmf-dist/tex/latex/amsmath/amsopn.sty
Package: amsopn 2022/04/08 v2.04 operator names
)
\inf@bad=\count291
LaTeX Info: Redefining \frac on input line 234.
\uproot@=\count292
\leftroot@=\count293
LaTeX Info: Redefining \overline on input line 399.
LaTeX Info: Redefining \colon on input line 410.
\classnum@=\count294
\DOTSCASE@=\count295
LaTeX Info: Redefining \ldots on input line 496.
LaTeX Info: Redefining \dots on input line 499.
LaTeX Info: Redefining \cdots on input line 620.
\Mathstrutbox@=\box55
\strutbox@=\box56
LaTeX Info: Redefining \big on input line 722.
LaTeX Info: Redefining \Big on input line 723.
LaTeX Info: Redefining \bigg on input line 724.
LaTeX Info: Redefining \Bigg on input line 725.
\big@size=\dimen185
LaTeX Font Info:    Redeclaring font encoding OML on input line 743.
LaTeX Font Info:    Redeclaring font encoding OMS on input line 744.
\macc@depth=\count296
LaTeX Info: Redefining \bmod on input line 905.
LaTeX Info: Redefining \pmod on input line 910.
LaTeX Info: Redefining \smash on input line 940.
LaTeX Info: Redefining \relbar on input line 970.
LaTeX Info: Redefining \Relbar on input line 971.
\c@MaxMatrixCols=\count297
\dotsspace@=\muskip17
\c@parentequation=\count298
\dspbrk@lvl=\count299
\tag@help=\toks19
\row@=\count300
\column@=\count301
\maxfields@=\count302
\andhelp@=\toks20
\eqnshift@=\dimen186
\alignsep@=\dimen187
\tagshift@=\dimen188
\tagwidth@=\dimen189
\totwidth@=\dimen190
\lineht@=\dimen191
\@envbody=\toks21
\multlinegap=\skip61
\multlinetaggap=\skip62
\mathdisplay@stack=\toks22
LaTeX Info: Redefining \[ on input line 2953.
LaTeX Info: Redefining \] on input line 2954.
)
(/usr/local/texlive/2023/texmf-dist/tex/latex/amsfonts/amssymb.sty
Package: amssymb 2013/01/14 v3.01 AMS font symbols

(/usr/local/texlive/2023/texmf-dist/tex/latex/amsfonts/amsfonts.sty
Package: amsfonts 2013/01/14 v3.01 Basic AMSFonts support
\symAMSa=\mathgroup4
\symAMSb=\mathgroup5
LaTeX Font Info:    Redeclaring math symbol \hbar on input line 98.
LaTeX Font Info:    Overwriting math alphabet `\mathfrak' in version `bold'
(Font)                  U/euf/m/n --> U/euf/b/n on input line 106.
))
(/usr/local/texlive/2023/texmf-dist/tex/latex/booktabs/booktabs.sty
Package: booktabs 2020/01/12 v1.61803398 Publication quality tables
\heavyrulewidth=\dimen192
\lightrulewidth=\dimen193
\cmidrulewidth=\dimen194
\belowrulesep=\dimen195
\belowbottomsep=\dimen196
\aboverulesep=\dimen197
\abovetopsep=\dimen198
\cmidrulesep=\dimen199
\cmidrulekern=\dimen256
\defaultaddspace=\dimen257
\@cmidla=\count303
\@cmidlb=\count304
\@aboverulesep=\dimen258
\@belowrulesep=\dimen259
\@thisruleclass=\count305
\@lastruleclass=\count306
\@thisrulewidth=\dimen260
)
(/usr/local/texlive/2023/texmf-dist/tex/latex/tools/longtable.sty
Package: longtable 2021-09-01 v4.17 Multi-page Table package (DPC)
\LTleft=\skip63
\LTright=\skip64
\LTpre=\skip65
\LTpost=\skip66
\LTchunksize=\count307
\LTcapwidth=\dimen261
\LT@head=\box57
\LT@firsthead=\box58
\LT@foot=\box59
\LT@lastfoot=\box60
\LT@gbox=\box61
\LT@cols=\count308
\LT@rows=\count309
\c@LT@tables=\count310
\c@LT@chunks=\count311
\LT@p@ftn=\toks23
)
(/usr/local/texlive/2023/texmf-dist/tex/latex/tools/tabularx.sty
Package: tabularx 2020/01/15 v2.11c `tabularx' package (DPC)

(/usr/local/texlive/2023/texmf-dist/tex/latex/tools/array.sty
Package: array 2022/09/04 v2.5g Tabular extension package (FMi)
\col@sep=\dimen262
\ar@mcellbox=\box62
\extrarowheight=\dimen263
\NC@list=\toks24
\extratabsurround=\skip67
\backup@length=\skip68
\ar@cellbox=\box63
)
\TX@col@width=\dimen264
\TX@old@table=\dimen265
\TX@old@col=\dimen266
\TX@target=\dimen267
\TX@delta=\dimen268
\TX@cols=\count312
\TX@ftn=\toks25
)
(/usr/local/texlive/2023/texmf-dist/tex/latex/graphics/graphicx.sty
Package: graphicx 2021/09/16 v1.2d Enhanced LaTeX Graphics (DPC,SPQR)

(/usr/local/texlive/2023/texmf-dist/tex/latex/graphics/graphics.sty
Package: graphics 2022/03/10 v1.4e Standard LaTeX Graphics (DPC,SPQR)

(/usr/local/texlive/2023/texmf-dist/tex/latex/graphics/trig.sty
Package: trig 2021/08/11 v1.11 sin cos tan (DPC)
)
(/usr/local/texlive/2023/texmf-dist/tex/latex/graphics-cfg/graphics.cfg
File: graphics.cfg 2016/06/04 v1.11 sample graphics configuration
)
Package graphics Info: Driver file: xetex.def on input line 107.

(/usr/local/texlive/2023/texmf-dist/tex/latex/graphics-def/xetex.def
File: xetex.def 2022/09/22 v5.0n Graphics/color driver for xetex
))
\Gin@req@height=\dimen269
\Gin@req@width=\dimen270
)
(/usr/local/texlive/2023/texmf-dist/tex/latex/float/float.sty
Package: float 2001/11/08 v1.3d Float enhancements (AL)
\c@float@type=\count313
\float@exts=\toks26
\float@box=\box64
\@float@everytoks=\toks27
\@floatcapt=\box65
)
(/usr/local/texlive/2023/texmf-dist/tex/latex/hyperref/hyperref.sty
Package: hyperref 2023-02-07 v7.00v Hypertext links for LaTeX

(/usr/local/texlive/2023/texmf-dist/tex/generic/ltxcmds/ltxcmds.sty
Package: ltxcmds 2020-05-10 v1.25 LaTeX kernel commands for general use (HO)
)
(/usr/local/texlive/2023/texmf-dist/tex/generic/pdftexcmds/pdftexcmds.sty
Package: pdftexcmds 2020-06-27 v0.33 Utility functions of pdfTeX for LuaTeX (HO
)

(/usr/local/texlive/2023/texmf-dist/tex/generic/infwarerr/infwarerr.sty
Package: infwarerr 2019/12/03 v1.5 Providing info/warning/error messages (HO)
)
Package pdftexcmds Info: \pdf@primitive is available.
Package pdftexcmds Info: \pdf@ifprimitive is available.
Package pdftexcmds Info: \pdfdraftmode not found.
)
(/usr/local/texlive/2023/texmf-dist/tex/latex/kvsetkeys/kvsetkeys.sty
Package: kvsetkeys 2022-10-05 v1.19 Key value parser (HO)
)
(/usr/local/texlive/2023/texmf-dist/tex/generic/kvdefinekeys/kvdefinekeys.sty
Package: kvdefinekeys 2019-12-19 v1.6 Define keys (HO)
)
(/usr/local/texlive/2023/texmf-dist/tex/generic/pdfescape/pdfescape.sty
Package: pdfescape 2019/12/09 v1.15 Implements pdfTeX's escape features (HO)
)
(/usr/local/texlive/2023/texmf-dist/tex/latex/hycolor/hycolor.sty
Package: hycolor 2020-01-27 v1.10 Color options for hyperref/bookmark (HO)
)
(/usr/local/texlive/2023/texmf-dist/tex/latex/letltxmacro/letltxmacro.sty
Package: letltxmacro 2019/12/03 v1.6 Let assignment for LaTeX macros (HO)
)
(/usr/local/texlive/2023/texmf-dist/tex/latex/auxhook/auxhook.sty
Package: auxhook 2019-12-17 v1.6 Hooks for auxiliary files (HO)
)
(/usr/local/texlive/2023/texmf-dist/tex/latex/hyperref/nameref.sty
Package: nameref 2022-05-17 v2.50 Cross-referencing by name of section

(/usr/local/texlive/2023/texmf-dist/tex/latex/refcount/refcount.sty
Package: refcount 2019/12/15 v3.6 Data extraction from label references (HO)
)
(/usr/local/texlive/2023/texmf-dist/tex/generic/gettitlestring/gettitlestring.s
ty
Package: gettitlestring 2019/12/15 v1.6 Cleanup title references (HO)
 (/usr/local/texlive/2023/texmf-dist/tex/latex/kvoptions/kvoptions.sty
Package: kvoptions 2022-06-15 v3.15 Key value format for package options (HO)
))
\c@section@level=\count314
)
\@linkdim=\dimen271
\Hy@linkcounter=\count315
\Hy@pagecounter=\count316

(/usr/local/texlive/2023/texmf-dist/tex/latex/hyperref/pd1enc.def
File: pd1enc.def 2023-02-07 v7.00v Hyperref: PDFDocEncoding definition (HO)
)
(/usr/local/texlive/2023/texmf-dist/tex/generic/intcalc/intcalc.sty
Package: intcalc 2019/12/15 v1.3 Expandable calculations with integers (HO)
)
(/usr/local/texlive/2023/texmf-dist/tex/generic/etexcmds/etexcmds.sty
Package: etexcmds 2019/12/15 v1.7 Avoid name clashes with e-TeX commands (HO)
)
\Hy@SavedSpaceFactor=\count317

(/usr/local/texlive/2023/texmf-dist/tex/latex/hyperref/puenc.def
File: puenc.def 2023-02-07 v7.00v Hyperref: PDF Unicode definition (HO)
)
Package hyperref Info: Option `unicode' set `true' on input line 4060.
Package hyperref Info: Hyper figures OFF on input line 4177.
Package hyperref Info: Link nesting OFF on input line 4182.
Package hyperref Info: Hyper index ON on input line 4185.
Package hyperref Info: Plain pages OFF on input line 4192.
Package hyperref Info: Backreferencing OFF on input line 4197.
Package hyperref Info: Implicit mode ON; LaTeX internals redefined.
Package hyperref Info: Bookmarks ON on input line 4425.
\c@Hy@tempcnt=\count318

(/usr/local/texlive/2023/texmf-dist/tex/latex/url/url.sty
\Urlmuskip=\muskip18
Package: url 2013/09/16  ver 3.4  Verb mode for urls, etc.
)
LaTeX Info: Redefining \url on input line 4763.
\XeTeXLinkMargin=\dimen272

(/usr/local/texlive/2023/texmf-dist/tex/generic/bitset/bitset.sty
Package: bitset 2019/12/09 v1.3 Handle bit-vector datatype (HO)

(/usr/local/texlive/2023/texmf-dist/tex/generic/bigintcalc/bigintcalc.sty
Package: bigintcalc 2019/12/15 v1.5 Expandable calculations on big integers (HO
)
))
\Fld@menulength=\count319
\Field@Width=\dimen273
\Fld@charsize=\dimen274
Package hyperref Info: Hyper figures OFF on input line 6042.
Package hyperref Info: Link nesting OFF on input line 6047.
Package hyperref Info: Hyper index ON on input line 6050.
Package hyperref Info: backreferencing OFF on input line 6057.
Package hyperref Info: Link coloring OFF on input line 6062.
Package hyperref Info: Link coloring with OCG OFF on input line 6067.
Package hyperref Info: PDF/A mode OFF on input line 6072.

(/usr/local/texlive/2023/texmf-dist/tex/latex/base/atbegshi-ltx.sty
Package: atbegshi-ltx 2021/01/10 v1.0c Emulation of the original atbegshi
package with kernel methods
)
\Hy@abspage=\count320
\c@Item=\count321
\c@Hfootnote=\count322
)
Package hyperref Info: Driver (autodetected): hxetex.

(/usr/local/texlive/2023/texmf-dist/tex/latex/hyperref/hxetex.def
File: hxetex.def 2023-02-07 v7.00v Hyperref driver for XeTeX

(/usr/local/texlive/2023/texmf-dist/tex/generic/stringenc/stringenc.sty
Package: stringenc 2019/11/29 v1.12 Convert strings between diff. encodings (HO
)
)
\pdfm@box=\box66
\c@Hy@AnnotLevel=\count323
\HyField@AnnotCount=\count324
\Fld@listcount=\count325
\c@bookmark@seq@number=\count326

(/usr/local/texlive/2023/texmf-dist/tex/latex/rerunfilecheck/rerunfilecheck.sty
Package: rerunfilecheck 2022-07-10 v1.10 Rerun checks for auxiliary files (HO)
(/usr/local/texlive/2023/texmf-dist/tex/latex/base/atveryend-ltx.sty
Package: atveryend-ltx 2020/08/19 v1.0a Emulation of the original atveryend pac
kage
with kernel methods
)
(/usr/local/texlive/2023/texmf-dist/tex/generic/uniquecounter/uniquecounter.sty
Package: uniquecounter 2019/12/15 v1.4 Provide unlimited unique counter (HO)
)
Package uniquecounter Info: New unique counter `rerunfilecheck' on input line 2
85.
)
\Hy@SectionHShift=\skip69
) (/usr/local/texlive/2023/texmf-dist/tex/latex/fancyhdr/fancyhdr.sty
Package: fancyhdr 2022/11/09 v4.1 Extensive control of page headers and footers

\f@nch@headwidth=\skip70
\f@nch@O@elh=\skip71
\f@nch@O@erh=\skip72
\f@nch@O@olh=\skip73
\f@nch@O@orh=\skip74
\f@nch@O@elf=\skip75
\f@nch@O@erf=\skip76
\f@nch@O@olf=\skip77
\f@nch@O@orf=\skip78
)
(/usr/local/texlive/2023/texmf-dist/tex/latex/titlesec/titlesec.sty
Package: titlesec 2021/07/05 v2.14 Sectioning titles
\ttl@box=\box67
\beforetitleunit=\skip79
\aftertitleunit=\skip80
\ttl@plus=\dimen275
\ttl@minus=\dimen276
\ttl@toksa=\toks28
\titlewidth=\dimen277
\titlewidthlast=\dimen278
\titlewidthfirst=\dimen279
)
(/usr/local/texlive/2023/texmf-dist/tex/latex/setspace/setspace.sty
Package: setspace 2022/12/04 v6.7b set line spacing
)
(./comprehensive_report.aux)
\openout1 = `comprehensive_report.aux'.

LaTeX Font Info:    Checking defaults for OML/cmm/m/it on input line 16.
LaTeX Font Info:    ... okay on input line 16.
LaTeX Font Info:    Checking defaults for OMS/cmsy/m/n on input line 16.
LaTeX Font Info:    ... okay on input line 16.
LaTeX Font Info:    Checking defaults for OT1/cmr/m/n on input line 16.
LaTeX Font Info:    ... okay on input line 16.
LaTeX Font Info:    Checking defaults for T1/cmr/m/n on input line 16.
LaTeX Font Info:    ... okay on input line 16.
LaTeX Font Info:    Checking defaults for TS1/cmr/m/n on input line 16.
LaTeX Font Info:    ... okay on input line 16.
LaTeX Font Info:    Checking defaults for TU/lmr/m/n on input line 16.
LaTeX Font Info:    ... okay on input line 16.
LaTeX Font Info:    Checking defaults for OMX/cmex/m/n on input line 16.
LaTeX Font Info:    ... okay on input line 16.
LaTeX Font Info:    Checking defaults for U/cmr/m/n on input line 16.
LaTeX Font Info:    ... okay on input line 16.
LaTeX Font Info:    Checking defaults for PD1/pdf/m/n on input line 16.
LaTeX Font Info:    ... okay on input line 16.
LaTeX Font Info:    Checking defaults for PU/pdf/m/n on input line 16.
LaTeX Font Info:    ... okay on input line 16.

Package fontspec Info: Adjusting the maths setup (use [no-math] to avoid
(fontspec)             this).

\symlegacymaths=\mathgroup6
LaTeX Font Info:    Overwriting symbol font `legacymaths' in version `bold'
(Font)                  OT1/cmr/m/n --> OT1/cmr/bx/n on input line 16.
LaTeX Font Info:    Redeclaring math accent \acute on input line 16.
LaTeX Font Info:    Redeclaring math accent \grave on input line 16.
LaTeX Font Info:    Redeclaring math accent \ddot on input line 16.
LaTeX Font Info:    Redeclaring math accent \tilde on input line 16.
LaTeX Font Info:    Redeclaring math accent \bar on input line 16.
LaTeX Font Info:    Redeclaring math accent \breve on input line 16.
LaTeX Font Info:    Redeclaring math accent \check on input line 16.
LaTeX Font Info:    Redeclaring math accent \hat on input line 16.
LaTeX Font Info:    Redeclaring math accent \dot on input line 16.
LaTeX Font Info:    Redeclaring math accent \mathring on input line 16.
LaTeX Font Info:    Redeclaring math symbol \Gamma on input line 16.
LaTeX Font Info:    Redeclaring math symbol \Delta on input line 16.
LaTeX Font Info:    Redeclaring math symbol \Theta on input line 16.
LaTeX Font Info:    Redeclaring math symbol \Lambda on input line 16.
LaTeX Font Info:    Redeclaring math symbol \Xi on input line 16.
LaTeX Font Info:    Redeclaring math symbol \Pi on input line 16.
LaTeX Font Info:    Redeclaring math symbol \Sigma on input line 16.
LaTeX Font Info:    Redeclaring math symbol \Upsilon on input line 16.
LaTeX Font Info:    Redeclaring math symbol \Phi on input line 16.
LaTeX Font Info:    Redeclaring math symbol \Psi on input line 16.
LaTeX Font Info:    Redeclaring math symbol \Omega on input line 16.
LaTeX Font Info:    Redeclaring math symbol \mathdollar on input line 16.
LaTeX Font Info:    Redeclaring symbol font `operators' on input line 16.
LaTeX Font Info:    Encoding `OT1' has changed to `TU' for symbol font
(Font)              `operators' in the math version `normal' on input line 16.
LaTeX Font Info:    Overwriting symbol font `operators' in version `normal'
(Font)                  OT1/cmr/m/n --> TU/lmr/m/n on input line 16.
LaTeX Font Info:    Encoding `OT1' has changed to `TU' for symbol font
(Font)              `operators' in the math version `bold' on input line 16.
LaTeX Font Info:    Overwriting symbol font `operators' in version `bold'
(Font)                  OT1/cmr/bx/n --> TU/lmr/m/n on input line 16.
LaTeX Font Info:    Overwriting symbol font `operators' in version `normal'
(Font)                  TU/lmr/m/n --> TU/lmr/m/n on input line 16.
LaTeX Font Info:    Overwriting math alphabet `\mathit' in version `normal'
(Font)                  OT1/cmr/m/it --> TU/lmr/m/it on input line 16.
LaTeX Font Info:    Overwriting math alphabet `\mathbf' in version `normal'
(Font)                  OT1/cmr/bx/n --> TU/lmr/b/n on input line 16.
LaTeX Font Info:    Overwriting math alphabet `\mathsf' in version `normal'
(Font)                  OT1/cmss/m/n --> TU/lmss/m/n on input line 16.
LaTeX Font Info:    Overwriting math alphabet `\mathtt' in version `normal'
(Font)                  OT1/cmtt/m/n --> TU/lmtt/m/n on input line 16.
LaTeX Font Info:    Overwriting symbol font `operators' in version `bold'
(Font)                  TU/lmr/m/n --> TU/lmr/b/n on input line 16.
LaTeX Font Info:    Overwriting math alphabet `\mathit' in version `bold'
(Font)                  OT1/cmr/bx/it --> TU/lmr/b/it on input line 16.
LaTeX Font Info:    Overwriting math alphabet `\mathsf' in version `bold'
(Font)                  OT1/cmss/bx/n --> TU/lmss/b/n on input line 16.
LaTeX Font Info:    Overwriting math alphabet `\mathtt' in version `bold'
(Font)                  OT1/cmtt/m/n --> TU/lmtt/b/n on input line 16.

*geometry* driver: auto-detecting
*geometry* detected driver: xetex
*geometry* verbose mode - [ preamble ] result:
* driver: xetex
* paper: a4paper
* layout: <same size as paper>
* layoutoffset:(h,v)=(0.0pt,0.0pt)
* modes: 
* h-part:(L,W,R)=(56.9055pt, 483.69687pt, 56.9055pt)
* v-part:(T,H,B)=(56.9055pt, 731.23584pt, 56.9055pt)
* \paperwidth=597.50787pt
* \paperheight=845.04684pt
* \textwidth=483.69687pt
* \textheight=731.23584pt
* \oddsidemargin=-15.36449pt
* \evensidemargin=-15.36449pt
* \topmargin=-52.36449pt
* \headheight=12.0pt
* \headsep=25.0pt
* \topskip=11.0pt
* \footskip=30.0pt
* \marginparwidth=50.0pt
* \marginparsep=10.0pt
* \columnsep=10.0pt
* \skip\footins=10.0pt plus 4.0pt minus 2.0pt
* \hoffset=0.0pt
* \voffset=0.0pt
* \mag=1000
* \@twocolumnfalse
* \@twosidefalse
* \@mparswitchfalse
* \@reversemarginfalse
* (1in=72.27pt=25.4mm, 1cm=28.453pt)

Package hyperref Info: Link coloring OFF on input line 16.
(./comprehensive_report.out) (./comprehensive_report.out)
\@outlinefile=\write3
\openout3 = `comprehensive_report.out'.

LaTeX Font Info:    Trying to load font information for U+msa on input line 18.


(/usr/local/texlive/2023/texmf-dist/tex/latex/amsfonts/umsa.fd
File: umsa.fd 2013/01/14 v3.01 AMS symbols A
)
LaTeX Font Info:    Trying to load font information for U+msb on input line 18.


(/usr/local/texlive/2023/texmf-dist/tex/latex/amsfonts/umsb.fd
File: umsb.fd 2013/01/14 v3.01 AMS symbols B
)
(./comprehensive_report.toc [1

])
\tf@toc=\write4
\openout4 = `comprehensive_report.toc'.

 [2]
Underfull \hbox (badness 10000) in paragraph at lines 33--33
[]|\TU/STSong(0)/m/n/10.95 展 期 \TU/lmr/m/n/10.95 +2.81%
 []


Underfull \hbox (badness 10000) in paragraph at lines 33--33
\TU/lmr/m/n/10.95 / \TU/STSong(0)/m/n/10.95 动 量 \TU/lmr/m/n/10.95 side-
 []


Underfull \hbox (badness 10000) in paragraph at lines 33--33
\TU/lmr/m/n/10.95 ways / MACD
 []


Underfull \hbox (badness 10000) in paragraph at lines 33--33
[]|\TU/lmr/m/n/10.95 MACD
 []


Underfull \hbox (badness 1939) in paragraph at lines 33--33
[]|\TU/STSong(0)/m/n/10.95 等 待 回 调 后
 []


Underfull \hbox (badness 10000) in paragraph at lines 34--34
[]|\TU/STSong(0)/m/n/10.95 展 期 \TU/lmr/m/n/10.95 -0.38%
 []


Underfull \hbox (badness 10000) in paragraph at lines 34--34
\TU/lmr/m/n/10.95 / \TU/STSong(0)/m/n/10.95 动 量 \TU/lmr/m/n/10.95 up-
 []


Underfull \hbox (badness 6252) in paragraph at lines 34--34
\TU/lmr/m/n/10.95 trend / MACD
 []


Underfull \hbox (badness 10000) in paragraph at lines 34--34
[]|\TU/lmr/m/n/10.95 MACD
 []


Underfull \hbox (badness 1939) in paragraph at lines 34--34
[]|\TU/STSong(0)/m/n/10.95 等 待 回 调 后
 []


Underfull \hbox (badness 10000) in paragraph at lines 35--35
[]|\TU/STSong(0)/m/n/10.95 展 期 \TU/lmr/m/n/10.95 -0.27% /
 []


Underfull \hbox (badness 2285) in paragraph at lines 35--35
\TU/STSong(0)/m/n/10.95 动 量 \TU/lmr/m/n/10.95 sideways /
 []


Underfull \hbox (badness 10000) in paragraph at lines 35--35
[]|\TU/STSong(0)/m/n/10.95 展 期 收 益 率
 []


Underfull \hbox (badness 1939) in paragraph at lines 35--35
[]|\TU/STSong(0)/m/n/10.95 以 观 察 和 择
 []


Overfull \hbox (74.31657pt too wide) in paragraph at lines 29--38
 [] 
 []

[3

] [4] [5] [6] [7]
File: /Users/vv/Downloads/nickel_research/data/processed/ni/roll_yield_seasonal
.png Graphic file (type bmp)
</Users/vv/Downloads/nickel_research/data/processed/ni/roll_yield_seasonal.png>

 [8] [9]
File: /Users/vv/Downloads/nickel_research/data/processed/ni/roll_yield_rolling_
ic.png Graphic file (type bmp)
</Users/vv/Downloads/nickel_research/data/processed/ni/roll_yield_rolling_ic.pn
g>
 [10]
File: /Users/vv/Downloads/nickel_research/data/processed/ni/roll_yield_group_re
turns.png Graphic file (type bmp)
</Users/vv/Downloads/nickel_research/data/processed/ni/roll_yield_group_returns
.png>
 [11]
File: /Users/vv/Downloads/nickel_research/data/processed/ni/roll_yield_backtest
_nav.png Graphic file (type bmp)
</Users/vv/Downloads/nickel_research/data/processed/ni/roll_yield_backtest_nav.
png>
 [12]
File: /Users/vv/Downloads/nickel_research/data/processed/ni/momentum/momentum_s
easonal.png Graphic file (type bmp)
</Users/vv/Downloads/nickel_research/data/processed/ni/momentum/momentum_season
al.png>
 [13




] [14]
File: /Users/vv/Downloads/nickel_research/data/processed/ni/momentum/momentum_r
olling_ic.png Graphic file (type bmp)
</Users/vv/Downloads/nickel_research/data/processed/ni/momentum/momentum_rollin
g_ic.png>
 [15]
File: /Users/vv/Downloads/nickel_research/data/processed/ni/momentum/momentum_g
roup_returns.png Graphic file (type bmp)
</Users/vv/Downloads/nickel_research/data/processed/ni/momentum/momentum_group_
returns.png>
 [16]
File: /Users/vv/Downloads/nickel_research/data/processed/ni/momentum/momentum_b
acktest_nav.png Graphic file (type bmp)
</Users/vv/Downloads/nickel_research/data/processed/ni/momentum/momentum_backte
st_nav.png>
 [17]
File: /Users/vv/Downloads/nickel_research/data/processed/ni/macd/macd_chart.png
 Graphic file (type bmp)
</Users/vv/Downloads/nickel_research/data/processed/ni/macd/macd_chart.png>
 [18




]
[19]
File: /Users/vv/Downloads/nickel_research/data/processed/ni/macd/macd_seasonal.
png Graphic file (type bmp)
</Users/vv/Downloads/nickel_research/data/processed/ni/macd/macd_seasonal.png>
 [20]
File: /Users/vv/Downloads/nickel_research/data/processed/ni/virtual_ratio/virtu
al_real_ratio_seasonal.png Graphic file (type bmp)
</Users/vv/Downloads/nickel_research/data/processed/ni/virtual_ratio/virtual_re
al_ratio_seasonal.png>
 [21


] [22]
File: /Users/vv/Downloads/nickel_research/data/processed/ni/virtual_ratio/virtu
al_real_ratio_rolling_ic.png Graphic file (type bmp)
</Users/vv/Downloads/nickel_research/data/processed/ni/virtual_ratio/virtual_re
al_ratio_rolling_ic.png>
 [23]
File: /Users/vv/Downloads/nickel_research/data/processed/ni/virtual_ratio/virtu
al_real_ratio_group_returns.png Graphic file (type bmp)
</Users/vv/Downloads/nickel_research/data/processed/ni/virtual_ratio/virtual_re
al_ratio_group_returns.png>
 [24]
File: /Users/vv/Downloads/nickel_research/data/processed/ni/virtual_ratio/virtu
al_real_ratio_backtest_nav.png Graphic file (type bmp)
</Users/vv/Downloads/nickel_research/data/processed/ni/virtual_ratio/virtual_re
al_ratio_backtest_nav.png>
 [25]
File: /Users/vv/Downloads/nickel_research/data/processed/ni/intraday_skew/intra
day_skew_seasonal.png Graphic file (type bmp)
</Users/vv/Downloads/nickel_research/data/processed/ni/intraday_skew/intraday_s
kew_seasonal.png>
 [26




] [27]
File: /Users/vv/Downloads/nickel_research/data/processed/ni/intraday_skew/intra
day_skew_rolling_ic.png Graphic file (type bmp)
</Users/vv/Downloads/nickel_research/data/processed/ni/intraday_skew/intraday_s
kew_rolling_ic.png>
 [28]
File: /Users/vv/Downloads/nickel_research/data/processed/ni/intraday_skew/intra
day_skew_group_returns.png Graphic file (type bmp)
</Users/vv/Downloads/nickel_research/data/processed/ni/intraday_skew/intraday_s
kew_group_returns.png>
 [29]
File: /Users/vv/Downloads/nickel_research/data/processed/ni/intraday_skew/intra
day_skew_backtest_nav.png Graphic file (type bmp)
</Users/vv/Downloads/nickel_research/data/processed/ni/intraday_skew/intraday_s
kew_backtest_nav.png>
 [30]
File: /Users/vv/Downloads/nickel_research/data/processed/ni/roll_virtual_combo/
roll_virtual_combo_seasonal.png Graphic file (type bmp)
</Users/vv/Downloads/nickel_research/data/processed/ni/roll_virtual_combo/roll_
virtual_combo_seasonal.png>
 [31




] [32]
File: /Users/vv/Downloads/nickel_research/data/processed/ni/roll_virtual_combo/
roll_virtual_combo_rolling_ic.png Graphic file (type bmp)
</Users/vv/Downloads/nickel_research/data/processed/ni/roll_virtual_combo/roll_
virtual_combo_rolling_ic.png>
 [33]
File: /Users/vv/Downloads/nickel_research/data/processed/ni/roll_virtual_combo/
roll_virtual_combo_group_returns.png Graphic file (type bmp)
</Users/vv/Downloads/nickel_research/data/processed/ni/roll_virtual_combo/roll_
virtual_combo_group_returns.png>

[34]
File: /Users/vv/Downloads/nickel_research/data/processed/ni/roll_virtual_combo/
roll_virtual_combo_backtest_nav.png Graphic file (type bmp)
</Users/vv/Downloads/nickel_research/data/processed/ni/roll_virtual_combo/roll_
virtual_combo_backtest_nav.png>
 [35]
File: /Users/vv/Downloads/nickel_research/data/processed/ni/position_flow/posit
ion_price_flow_seasonal.png Graphic file (type bmp)
</Users/vv/Downloads/nickel_research/data/processed/ni/position_flow/position_p
rice_flow_seasonal.png>
 [36




] [37]
File: /Users/vv/Downloads/nickel_research/data/processed/ni/position_flow/posit
ion_price_flow_rolling_ic.png Graphic file (type bmp)
</Users/vv/Downloads/nickel_research/data/processed/ni/position_flow/position_p
rice_flow_rolling_ic.png>
 [38]
File: /Users/vv/Downloads/nickel_research/data/processed/ni/position_flow/posit
ion_price_flow_group_returns.png Graphic file (type bmp)
</Users/vv/Downloads/nickel_research/data/processed/ni/position_flow/position_p
rice_flow_group_returns.png>
 [39]
File: /Users/vv/Downloads/nickel_research/data/processed/ni/position_flow/posit
ion_price_flow_backtest_nav.png Graphic file (type bmp)
</Users/vv/Downloads/nickel_research/data/processed/ni/position_flow/position_p
rice_flow_backtest_nav.png>
 [40]
File: /Users/vv/Downloads/nickel_research/data/processed/ss/roll_yield_seasonal
.png Graphic file (type bmp)
</Users/vv/Downloads/nickel_research/data/processed/ss/roll_yield_seasonal.png>

 [41




] [42]
File: /Users/vv/Downloads/nickel_research/data/processed/ss/roll_yield_rolling_
ic.png Graphic file (type bmp)
</Users/vv/Downloads/nickel_research/data/processed/ss/roll_yield_rolling_ic.pn
g>
 [43]
File: /Users/vv/Downloads/nickel_research/data/processed/ss/roll_yield_group_re
turns.png Graphic file (type bmp)
</Users/vv/Downloads/nickel_research/data/processed/ss/roll_yield_group_returns
.png>
 [44]
File: /Users/vv/Downloads/nickel_research/data/processed/ss/roll_yield_backtest
_nav.png Graphic file (type bmp)
</Users/vv/Downloads/nickel_research/data/processed/ss/roll_yield_backtest_nav.
png>
 [45]
File: /Users/vv/Downloads/nickel_research/data/processed/ss/momentum/momentum_s
easonal.png Graphic file (type bmp)
</Users/vv/Downloads/nickel_research/data/processed/ss/momentum/momentum_season
al.png>
 [46




] [47]
File: /Users/vv/Downloads/nickel_research/data/processed/ss/momentum/momentum_r
olling_ic.png Graphic file (type bmp)
</Users/vv/Downloads/nickel_research/data/processed/ss/momentum/momentum_rollin
g_ic.png>
 [48]
File: /Users/vv/Downloads/nickel_research/data/processed/ss/momentum/momentum_g
roup_returns.png Graphic file (type bmp)
</Users/vv/Downloads/nickel_research/data/processed/ss/momentum/momentum_group_
returns.png>

[49]
File: /Users/vv/Downloads/nickel_research/data/processed/ss/momentum/momentum_b
acktest_nav.png Graphic file (type bmp)
</Users/vv/Downloads/nickel_research/data/processed/ss/momentum/momentum_backte
st_nav.png>
 [50]
File: /Users/vv/Downloads/nickel_research/data/processed/ss/macd/macd_chart.png
 Graphic file (type bmp)
</Users/vv/Downloads/nickel_research/data/processed/ss/macd/macd_chart.png>
 [51




] [52]
File: /Users/vv/Downloads/nickel_research/data/processed/ss/macd/macd_seasonal.
png Graphic file (type bmp)
</Users/vv/Downloads/nickel_research/data/processed/ss/macd/macd_seasonal.png>
 [53]
File: /Users/vv/Downloads/nickel_research/data/processed/ss/virtual_ratio/virtu
al_real_ratio_seasonal.png Graphic file (type bmp)
</Users/vv/Downloads/nickel_research/data/processed/ss/virtual_ratio/virtual_re
al_ratio_seasonal.png>
 [54


] [55]
File: /Users/vv/Downloads/nickel_research/data/processed/ss/virtual_ratio/virtu
al_real_ratio_rolling_ic.png Graphic file (type bmp)
</Users/vv/Downloads/nickel_research/data/processed/ss/virtual_ratio/virtual_re
al_ratio_rolling_ic.png>
 [56]
File: /Users/vv/Downloads/nickel_research/data/processed/ss/virtual_ratio/virtu
al_real_ratio_group_returns.png Graphic file (type bmp)
</Users/vv/Downloads/nickel_research/data/processed/ss/virtual_ratio/virtual_re
al_ratio_group_returns.png>
 [57]
File: /Users/vv/Downloads/nickel_research/data/processed/ss/virtual_ratio/virtu
al_real_ratio_backtest_nav.png Graphic file (type bmp)
</Users/vv/Downloads/nickel_research/data/processed/ss/virtual_ratio/virtual_re
al_ratio_backtest_nav.png>
 [58]
File: /Users/vv/Downloads/nickel_research/data/processed/ss/intraday_skew/intra
day_skew_seasonal.png Graphic file (type bmp)
</Users/vv/Downloads/nickel_research/data/processed/ss/intraday_skew/intraday_s
kew_seasonal.png>
 [59




] [60]
File: /Users/vv/Downloads/nickel_research/data/processed/ss/intraday_skew/intra
day_skew_rolling_ic.png Graphic file (type bmp)
</Users/vv/Downloads/nickel_research/data/processed/ss/intraday_skew/intraday_s
kew_rolling_ic.png>
 [61]
File: /Users/vv/Downloads/nickel_research/data/processed/ss/intraday_skew/intra
day_skew_group_returns.png Graphic file (type bmp)
</Users/vv/Downloads/nickel_research/data/processed/ss/intraday_skew/intraday_s
kew_group_returns.png>
 [62]
File: /Users/vv/Downloads/nickel_research/data/processed/ss/intraday_skew/intra
day_skew_backtest_nav.png Graphic file (type bmp)
</Users/vv/Downloads/nickel_research/data/processed/ss/intraday_skew/intraday_s
kew_backtest_nav.png>
 [63]
File: /Users/vv/Downloads/nickel_research/data/processed/ss/roll_virtual_combo/
roll_virtual_combo_seasonal.png Graphic file (type bmp)
</Users/vv/Downloads/nickel_research/data/processed/ss/roll_virtual_combo/roll_
virtual_combo_seasonal.png>

[64




] [65]
File: /Users/vv/Downloads/nickel_research/data/processed/ss/roll_virtual_combo/
roll_virtual_combo_rolling_ic.png Graphic file (type bmp)
</Users/vv/Downloads/nickel_research/data/processed/ss/roll_virtual_combo/roll_
virtual_combo_rolling_ic.png>
 [66]
File: /Users/vv/Downloads/nickel_research/data/processed/ss/roll_virtual_combo/
roll_virtual_combo_group_returns.png Graphic file (type bmp)
</Users/vv/Downloads/nickel_research/data/processed/ss/roll_virtual_combo/roll_
virtual_combo_group_returns.png>
 [67]
File: /Users/vv/Downloads/nickel_research/data/processed/ss/roll_virtual_combo/
roll_virtual_combo_backtest_nav.png Graphic file (type bmp)
</Users/vv/Downloads/nickel_research/data/processed/ss/roll_virtual_combo/roll_
virtual_combo_backtest_nav.png>
 [68]
File: /Users/vv/Downloads/nickel_research/data/processed/ss/position_flow/posit
ion_price_flow_seasonal.png Graphic file (type bmp)
</Users/vv/Downloads/nickel_research/data/processed/ss/position_flow/position_p
rice_flow_seasonal.png>
 [69




] [70]
File: /Users/vv/Downloads/nickel_research/data/processed/ss/position_flow/posit
ion_price_flow_rolling_ic.png Graphic file (type bmp)
</Users/vv/Downloads/nickel_research/data/processed/ss/position_flow/position_p
rice_flow_rolling_ic.png>
 [71]
File: /Users/vv/Downloads/nickel_research/data/processed/ss/position_flow/posit
ion_price_flow_group_returns.png Graphic file (type bmp)
</Users/vv/Downloads/nickel_research/data/processed/ss/position_flow/position_p
rice_flow_group_returns.png>
 [72]
File: /Users/vv/Downloads/nickel_research/data/processed/ss/position_flow/posit
ion_price_flow_backtest_nav.png Graphic file (type bmp)
</Users/vv/Downloads/nickel_research/data/processed/ss/position_flow/position_p
rice_flow_backtest_nav.png>
 [73]
File: /Users/vv/Downloads/nickel_research/data/processed/cu/roll_yield_seasonal
.png Graphic file (type bmp)
</Users/vv/Downloads/nickel_research/data/processed/cu/roll_yield_seasonal.png>

 [74




] [75]
File: /Users/vv/Downloads/nickel_research/data/processed/cu/roll_yield_rolling_
ic.png Graphic file (type bmp)
</Users/vv/Downloads/nickel_research/data/processed/cu/roll_yield_rolling_ic.pn
g>
 [76]
File: /Users/vv/Downloads/nickel_research/data/processed/cu/roll_yield_group_re
turns.png Graphic file (type bmp)
</Users/vv/Downloads/nickel_research/data/processed/cu/roll_yield_group_returns
.png>
 [77]
File: /Users/vv/Downloads/nickel_research/data/processed/cu/roll_yield_backtest
_nav.png Graphic file (type bmp)
</Users/vv/Downloads/nickel_research/data/processed/cu/roll_yield_backtest_nav.
png>
 [78]
File: /Users/vv/Downloads/nickel_research/data/processed/cu/momentum/momentum_s
easonal.png Graphic file (type bmp)
</Users/vv/Downloads/nickel_research/data/processed/cu/momentum/momentum_season
al.png>

[79




] [80]
File: /Users/vv/Downloads/nickel_research/data/processed/cu/momentum/momentum_r
olling_ic.png Graphic file (type bmp)
</Users/vv/Downloads/nickel_research/data/processed/cu/momentum/momentum_rollin
g_ic.png>
 [81]
File: /Users/vv/Downloads/nickel_research/data/processed/cu/momentum/momentum_g
roup_returns.png Graphic file (type bmp)
</Users/vv/Downloads/nickel_research/data/processed/cu/momentum/momentum_group_
returns.png>
 [82]
File: /Users/vv/Downloads/nickel_research/data/processed/cu/momentum/momentum_b
acktest_nav.png Graphic file (type bmp)
</Users/vv/Downloads/nickel_research/data/processed/cu/momentum/momentum_backte
st_nav.png>
 [83]
File: /Users/vv/Downloads/nickel_research/data/processed/cu/macd/macd_chart.png
 Graphic file (type bmp)
</Users/vv/Downloads/nickel_research/data/processed/cu/macd/macd_chart.png>
 [84




] [85]
File: /Users/vv/Downloads/nickel_research/data/processed/cu/macd/macd_seasonal.
png Graphic file (type bmp)
</Users/vv/Downloads/nickel_research/data/processed/cu/macd/macd_seasonal.png>
 [86]
File: /Users/vv/Downloads/nickel_research/data/processed/cu/virtual_ratio/virtu
al_real_ratio_seasonal.png Graphic file (type bmp)
</Users/vv/Downloads/nickel_research/data/processed/cu/virtual_ratio/virtual_re
al_ratio_seasonal.png>
 [87


] [88]
File: /Users/vv/Downloads/nickel_research/data/processed/cu/virtual_ratio/virtu
al_real_ratio_rolling_ic.png Graphic file (type bmp)
</Users/vv/Downloads/nickel_research/data/processed/cu/virtual_ratio/virtual_re
al_ratio_rolling_ic.png>
 [89]
File: /Users/vv/Downloads/nickel_research/data/processed/cu/virtual_ratio/virtu
al_real_ratio_group_returns.png Graphic file (type bmp)
</Users/vv/Downloads/nickel_research/data/processed/cu/virtual_ratio/virtual_re
al_ratio_group_returns.png>
 [90]
File: /Users/vv/Downloads/nickel_research/data/processed/cu/virtual_ratio/virtu
al_real_ratio_backtest_nav.png Graphic file (type bmp)
</Users/vv/Downloads/nickel_research/data/processed/cu/virtual_ratio/virtual_re
al_ratio_backtest_nav.png>
 [91]
File: /Users/vv/Downloads/nickel_research/data/processed/cu/intraday_skew/intra
day_skew_seasonal.png Graphic file (type bmp)
</Users/vv/Downloads/nickel_research/data/processed/cu/intraday_skew/intraday_s
kew_seasonal.png>
 [92




] [93]
File: /Users/vv/Downloads/nickel_research/data/processed/cu/intraday_skew/intra
day_skew_rolling_ic.png Graphic file (type bmp)
</Users/vv/Downloads/nickel_research/data/processed/cu/intraday_skew/intraday_s
kew_rolling_ic.png>

[94]
File: /Users/vv/Downloads/nickel_research/data/processed/cu/intraday_skew/intra
day_skew_group_returns.png Graphic file (type bmp)
</Users/vv/Downloads/nickel_research/data/processed/cu/intraday_skew/intraday_s
kew_group_returns.png>
 [95]
File: /Users/vv/Downloads/nickel_research/data/processed/cu/intraday_skew/intra
day_skew_backtest_nav.png Graphic file (type bmp)
</Users/vv/Downloads/nickel_research/data/processed/cu/intraday_skew/intraday_s
kew_backtest_nav.png>
 [96]
File: /Users/vv/Downloads/nickel_research/data/processed/cu/roll_virtual_combo/
roll_virtual_combo_seasonal.png Graphic file (type bmp)
</Users/vv/Downloads/nickel_research/data/processed/cu/roll_virtual_combo/roll_
virtual_combo_seasonal.png>
 [97




] [98]
File: /Users/vv/Downloads/nickel_research/data/processed/cu/roll_virtual_combo/
roll_virtual_combo_rolling_ic.png Graphic file (type bmp)
</Users/vv/Downloads/nickel_research/data/processed/cu/roll_virtual_combo/roll_
virtual_combo_rolling_ic.png>
 [99]
File: /Users/vv/Downloads/nickel_research/data/processed/cu/roll_virtual_combo/
roll_virtual_combo_group_returns.png Graphic file (type bmp)
</Users/vv/Downloads/nickel_research/data/processed/cu/roll_virtual_combo/roll_
virtual_combo_group_returns.png>
 [100]
File: /Users/vv/Downloads/nickel_research/data/processed/cu/roll_virtual_combo/
roll_virtual_combo_backtest_nav.png Graphic file (type bmp)
</Users/vv/Downloads/nickel_research/data/processed/cu/roll_virtual_combo/roll_
virtual_combo_backtest_nav.png>
 [101]
File: /Users/vv/Downloads/nickel_research/data/processed/cu/position_flow/posit
ion_price_flow_seasonal.png Graphic file (type bmp)
</Users/vv/Downloads/nickel_research/data/processed/cu/position_flow/position_p
rice_flow_seasonal.png>
 [102




] [103]
File: /Users/vv/Downloads/nickel_research/data/processed/cu/position_flow/posit
ion_price_flow_rolling_ic.png Graphic file (type bmp)
</Users/vv/Downloads/nickel_research/data/processed/cu/position_flow/position_p
rice_flow_rolling_ic.png>
 [104]
File: /Users/vv/Downloads/nickel_research/data/processed/cu/position_flow/posit
ion_price_flow_group_returns.png Graphic file (type bmp)
</Users/vv/Downloads/nickel_research/data/processed/cu/position_flow/position_p
rice_flow_group_returns.png>
 [105]
File: /Users/vv/Downloads/nickel_research/data/processed/cu/position_flow/posit
ion_price_flow_backtest_nav.png Graphic file (type bmp)
</Users/vv/Downloads/nickel_research/data/processed/cu/position_flow/position_p
rice_flow_backtest_nav.png>
 [106]
File: /Users/vv/Downloads/nickel_research/data/processed/vix_panic_reversion/ba
cktest_chart.png Graphic file (type bmp)
</Users/vv/Downloads/nickel_research/data/processed/vix_panic_reversion/backtes
t_chart.png>

[107




] [108]
File: /Users/vv/Downloads/nickel_research/data/processed/ni_vix_panic_reversion
/backtest_chart.png Graphic file (type bmp)
</Users/vv/Downloads/nickel_research/data/processed/ni_vix_panic_reversion/back
test_chart.png>
 [109

] [110]
Overfull \hbox (65.9656pt too wide) in paragraph at lines 1201--1202
[]\TU/STSong(0)/m/n/10.95 汇 总 表\TU/lmr/m/n/10.95 : /Users/vv/Downloads/nickel_r
esearch/data/processed/comparison/factor_product_comparison.csv 
 []


Overfull \hbox (85.70845pt too wide) in paragraph at lines 1202--1203
[]\TU/STSong(0)/m/n/10.95 准 确 率 图\TU/lmr/m/n/10.95 : /Users/vv/Downloads/nickel
_research/data/processed/comparison/factor_abs_ic5d_comparison.png 
 []


Overfull \hbox (120.19pt too wide) in paragraph at lines 1203--1204
[]\TU/STSong(0)/m/n/10.95 超 额 收 益 图\TU/lmr/m/n/10.95 : /Users/vv/Downloads/nick
el_research/data/processed/comparison/factor_excess_return_comparison.png 
 []

File: /Users/vv/Downloads/nickel_research/data/processed/comparison/factor_abs_
ic5d_comparison.png Graphic file (type bmp)
</Users/vv/Downloads/nickel_research/data/processed/comparison/factor_abs_ic5d_
comparison.png>
[111

] [112]
File: /Users/vv/Downloads/nickel_research/data/processed/comparison/factor_exce
ss_return_comparison.png Graphic file (type bmp)
</Users/vv/Downloads/nickel_research/data/processed/comparison/factor_excess_re
turn_comparison.png>
 [113]
Overfull \hbox (104.04968pt too wide) in paragraph at lines 1235--1236
[]\TU/STSong(0)/m/n/10.95 原 始 汇 总\TU/lmr/m/n/10.95 : /Users/vv/Downloads/nickel
_research/data/processed/comparison/denoise/denoise_comparison_raw.csv 
 []


Overfull \hbox (110.41162pt too wide) in paragraph at lines 1236--1237
[]\TU/STSong(0)/m/n/10.95 差 异 汇 总\TU/lmr/m/n/10.95 : /Users/vv/Downloads/nickel
_research/data/processed/comparison/denoise/denoise_comparison_delta.csv 
 []


Overfull \hbox (163.64935pt too wide) in paragraph at lines 1237--1238
[]\TU/lmr/m/n/10.95 |5 \TU/STSong(0)/m/n/10.95 日 \TU/lmr/m/n/10.95 IC| \TU/STSo
ng(0)/m/n/10.95 对 比 图\TU/lmr/m/n/10.95 : /Users/vv/Downloads/nickel_research/da
ta/processed/comparison/denoise/denoise_abs_ic5d_comparison.png 
 []


Overfull \hbox (189.31732pt too wide) in paragraph at lines 1238--1239
[]\TU/STSong(0)/m/n/10.95 超 额 收 益 对 比 图\TU/lmr/m/n/10.95 : /Users/vv/Downloads/
nickel_research/data/processed/comparison/denoise/denoise_excess_return_compari
son.png 
 []

File: /Users/vv/Downloads/nickel_research/data/processed/comparison/denoise/den
oise_abs_ic5d_comparison.png Graphic file (type bmp)
</Users/vv/Downloads/nickel_research/data/processed/comparison/denoise/denoise_
abs_ic5d_comparison.png>
[114


] [115]
File: /Users/vv/Downloads/nickel_research/data/processed/comparison/denoise/den
oise_excess_return_comparison.png Graphic file (type bmp)
</Users/vv/Downloads/nickel_research/data/processed/comparison/denoise/denoise_
excess_return_comparison.png>
 [116]
Overfull \hbox (99.79015pt too wide) in paragraph at lines 1266--1267
[]\TU/STSong(0)/m/n/10.95 汇 总 表\TU/lmr/m/n/10.95 : /Users/vv/Downloads/nickel_r
esearch/data/processed/comparison/vix_strategy_product_comparison.csv 
 []


Overfull \hbox (91.53384pt too wide) in paragraph at lines 1267--1268
[]\TU/STSong(0)/m/n/10.95 图 表\TU/lmr/m/n/10.95 : /Users/vv/Downloads/nickel_res
earch/data/processed/comparison/vix_strategy_product_comparison.png 
 []

File: /Users/vv/Downloads/nickel_research/data/processed/comparison/vix_strateg
y_product_comparison.png Graphic file (type bmp)
</Users/vv/Downloads/nickel_research/data/processed/comparison/vix_strategy_pro
duct_comparison.png>
[117


] [118]
Overfull \hbox (140.96213pt too wide) in paragraph at lines 1288--1289
[]\TU/STSong(0)/m/n/10.95 汇 总 表\TU/lmr/m/n/10.95 : /Users/vv/Downloads/nickel_r
esearch/data/processed/comparison/vix_strategy_product_comparison_reverse.csv 
 []


Overfull \hbox (132.70584pt too wide) in paragraph at lines 1289--1290
[]\TU/STSong(0)/m/n/10.95 图 表\TU/lmr/m/n/10.95 : /Users/vv/Downloads/nickel_res
earch/data/processed/comparison/vix_strategy_product_comparison_reverse.png 
 []

File: /Users/vv/Downloads/nickel_research/data/processed/comparison/vix_strateg
y_product_comparison_reverse.png Graphic file (type bmp)
</Users/vv/Downloads/nickel_research/data/processed/comparison/vix_strategy_pro
duct_comparison_reverse.png>
[119

] [120] (./comprehensive_report.aux)
Package rerunfilecheck Info: File `comprehensive_report.out' has not changed.
(rerunfilecheck)             Checksum: 10FC7146D4296CCB2CBC88F310A7039C;6732.
 ) 
Here is how much of TeX's memory you used:
 17534 strings out of 476683
 431119 string characters out of 5804048
 1868018 words of memory out of 5000000
 37474 multiletter control sequences out of 15000+600000
 520674 words of font info for 83 fonts, out of 8000000 for 9000
 1348 hyphenation exceptions out of 8191
 89i,11n,97p,1218b,427s stack positions out of 10000i,1000n,20000p,200000b,200000s

Output written on comprehensive_report.pdf (120 pages).
